2017-09-03 12:06:34.651 [background-preinit] INFO  org.hibernate.validator.internal.util.Version - HV000001: Hibernate Validator 5.3.5.Final
2017-09-03 12:06:39.499 [main] INFO  com.three.DblogApplication - Starting DblogApplication on sanyedeMacBook-Pro.local with PID 7745 (/Users/three/Downloads/SpringBootDemo-master/dblog/target/classes started by three in /Users/three/Downloads/SpringBootDemo-master/dblog)
2017-09-03 12:06:39.500 [main] INFO  com.three.DblogApplication - No active profile set, falling back to default profiles: default
2017-09-03 12:06:39.914 [main] INFO  o.s.b.c.e.AnnotationConfigEmbeddedWebApplicationContext - Refreshing org.springframework.boot.context.embedded.AnnotationConfigEmbeddedWebApplicationContext@5a6482a9: startup date [Sun Sep 03 12:06:39 CST 2017]; root of context hierarchy
2017-09-03 12:06:43.024 [main] INFO  o.s.b.c.e.tomcat.TomcatEmbeddedServletContainer - Tomcat initialized with port(s): 8060 (http)
2017-09-03 12:06:43.042 [main] INFO  org.apache.catalina.core.StandardService - Starting service [Tomcat]
2017-09-03 12:06:43.044 [main] INFO  org.apache.catalina.core.StandardEngine - Starting Servlet Engine: Apache Tomcat/8.5.15
2017-09-03 12:06:43.227 [localhost-startStop-1] INFO  o.a.c.core.ContainerBase.[Tomcat].[localhost].[/] - Initializing Spring embedded WebApplicationContext
2017-09-03 12:06:43.227 [localhost-startStop-1] INFO  org.springframework.web.context.ContextLoader - Root WebApplicationContext: initialization completed in 3314 ms
2017-09-03 12:06:43.600 [localhost-startStop-1] INFO  o.s.boot.web.servlet.ServletRegistrationBean - Mapping servlet: 'dispatcherServlet' to [/]
2017-09-03 12:06:43.602 [localhost-startStop-1] INFO  o.s.boot.web.servlet.ServletRegistrationBean - Mapping servlet: 'com.three.config.druid.DruidStatViewServlet' to [/druid/*]
2017-09-03 12:06:43.606 [localhost-startStop-1] INFO  o.s.boot.web.servlet.FilterRegistrationBean - Mapping filter: 'characterEncodingFilter' to: [/*]
2017-09-03 12:06:43.606 [localhost-startStop-1] INFO  o.s.boot.web.servlet.FilterRegistrationBean - Mapping filter: 'hiddenHttpMethodFilter' to: [/*]
2017-09-03 12:06:43.607 [localhost-startStop-1] INFO  o.s.boot.web.servlet.FilterRegistrationBean - Mapping filter: 'httpPutFormContentFilter' to: [/*]
2017-09-03 12:06:43.607 [localhost-startStop-1] INFO  o.s.boot.web.servlet.FilterRegistrationBean - Mapping filter: 'requestContextFilter' to: [/*]
2017-09-03 12:06:43.607 [localhost-startStop-1] INFO  o.s.boot.web.servlet.FilterRegistrationBean - Mapping filter: 'druidWebStatFilter' to urls: [/*]
2017-09-03 12:06:45.553 [main] INFO  o.s.w.s.m.m.a.RequestMappingHandlerAdapter - Looking for @ControllerAdvice: org.springframework.boot.context.embedded.AnnotationConfigEmbeddedWebApplicationContext@5a6482a9: startup date [Sun Sep 03 12:06:39 CST 2017]; root of context hierarchy
2017-09-03 12:06:45.700 [main] INFO  o.s.w.s.m.m.a.RequestMappingHandlerMapping - Mapped "{[/add]}" onto public java.lang.String com.three.controller.LogTestController.add(javax.servlet.http.HttpServletRequest)
2017-09-03 12:06:45.701 [main] INFO  o.s.w.s.m.m.a.RequestMappingHandlerMapping - Mapped "{[/save]}" onto public java.lang.String com.three.controller.LogTestController.save()
2017-09-03 12:06:45.701 [main] INFO  o.s.w.s.m.m.a.RequestMappingHandlerMapping - Mapped "{[/page]}" onto public java.lang.String com.three.controller.LogTestController.page()
2017-09-03 12:06:45.701 [main] INFO  o.s.w.s.m.m.a.RequestMappingHandlerMapping - Mapped "{[/mybatisDruidTest]}" onto public java.lang.String com.three.controller.LogTestController.mybatisDruidTest()
2017-09-03 12:06:45.705 [main] INFO  o.s.w.s.m.m.a.RequestMappingHandlerMapping - Mapped "{[/error]}" onto public org.springframework.http.ResponseEntity<java.util.Map<java.lang.String, java.lang.Object>> org.springframework.boot.autoconfigure.web.BasicErrorController.error(javax.servlet.http.HttpServletRequest)
2017-09-03 12:06:45.705 [main] INFO  o.s.w.s.m.m.a.RequestMappingHandlerMapping - Mapped "{[/error],produces=[text/html]}" onto public org.springframework.web.servlet.ModelAndView org.springframework.boot.autoconfigure.web.BasicErrorController.errorHtml(javax.servlet.http.HttpServletRequest,javax.servlet.http.HttpServletResponse)
2017-09-03 12:06:45.871 [main] INFO  o.s.web.servlet.handler.SimpleUrlHandlerMapping - Mapped URL path [/webjars/**] onto handler of type [class org.springframework.web.servlet.resource.ResourceHttpRequestHandler]
2017-09-03 12:06:45.871 [main] INFO  o.s.web.servlet.handler.SimpleUrlHandlerMapping - Mapped URL path [/**] onto handler of type [class org.springframework.web.servlet.resource.ResourceHttpRequestHandler]
2017-09-03 12:06:45.942 [main] INFO  o.s.web.servlet.handler.SimpleUrlHandlerMapping - Mapped URL path [/**/favicon.ico] onto handler of type [class org.springframework.web.servlet.resource.ResourceHttpRequestHandler]
2017-09-03 12:06:46.004 [main] WARN  o.s.b.a.t.AbstractTemplateResolverConfiguration - Cannot find template location: classpath:/templates/ (please add some templates or check your Thymeleaf configuration)
2017-09-03 12:06:46.952 [main] INFO  o.s.jmx.export.annotation.AnnotationMBeanExporter - Registering beans for JMX exposure on startup
2017-09-03 12:06:46.953 [main] INFO  o.s.jmx.export.annotation.AnnotationMBeanExporter - Bean with name 'dataSource' has been autodetected for JMX exposure
2017-09-03 12:06:46.960 [main] INFO  o.s.jmx.export.annotation.AnnotationMBeanExporter - Located MBean 'dataSource': registering with JMX server as MBean [com.alibaba.druid.pool:name=dataSource,type=DruidDataSource]
2017-09-03 12:06:47.023 [main] INFO  org.apache.coyote.http11.Http11NioProtocol - Initializing ProtocolHandler ["http-nio-8060"]
2017-09-03 12:06:47.045 [main] INFO  org.apache.coyote.http11.Http11NioProtocol - Starting ProtocolHandler ["http-nio-8060"]
2017-09-03 12:06:47.071 [main] INFO  org.apache.tomcat.util.net.NioSelectorPool - Using a shared selector for servlet write/read
2017-09-03 12:06:47.132 [main] INFO  o.s.b.c.e.tomcat.TomcatEmbeddedServletContainer - Tomcat started on port(s): 8060 (http)
2017-09-03 12:06:47.149 [main] INFO  com.three.DblogApplication - Started DblogApplication in 23.685 seconds (JVM running for 26.31)
2017-09-03 12:08:11.168 [http-nio-8060-exec-1] INFO  o.a.c.core.ContainerBase.[Tomcat].[localhost].[/] - Initializing Spring FrameworkServlet 'dispatcherServlet'
2017-09-03 12:08:11.168 [http-nio-8060-exec-1] INFO  org.springframework.web.servlet.DispatcherServlet - FrameworkServlet 'dispatcherServlet': initialization started
2017-09-03 12:08:11.203 [http-nio-8060-exec-1] INFO  org.springframework.web.servlet.DispatcherServlet - FrameworkServlet 'dispatcherServlet': initialization completed in 35 ms
2017-09-03 12:08:11.290 [http-nio-8060-exec-1] ERROR o.a.c.c.C.[.[localhost].[/].[dispatcherServlet] - Servlet.service() for servlet [dispatcherServlet] in context with path [] threw exception [Request processing failed; nested exception is org.apache.ibatis.binding.BindingException: Invalid bound statement (not found): com.three.dao.LogTestMapper.findAll] with root cause
org.apache.ibatis.binding.BindingException: Invalid bound statement (not found): com.three.dao.LogTestMapper.findAll
	at org.apache.ibatis.binding.MapperMethod$SqlCommand.<init>(MapperMethod.java:225)
	at org.apache.ibatis.binding.MapperMethod.<init>(MapperMethod.java:48)
	at org.apache.ibatis.binding.MapperProxy.cachedMapperMethod(MapperProxy.java:65)
	at org.apache.ibatis.binding.MapperProxy.invoke(MapperProxy.java:58)
	at com.sun.proxy.$Proxy77.findAll(Unknown Source)
	at com.three.service.impl.LogTestServiceImpl.findAll(LogTestServiceImpl.java:33)
	at com.three.controller.LogTestController.page(LogTestController.java:62)
	at com.three.controller.LogTestController$$FastClassBySpringCGLIB$$9e6d261d.invoke(<generated>)
	at org.springframework.cglib.proxy.MethodProxy.invoke(MethodProxy.java:204)
	at org.springframework.aop.framework.CglibAopProxy$CglibMethodInvocation.invokeJoinpoint(CglibAopProxy.java:738)
	at org.springframework.aop.framework.ReflectiveMethodInvocation.proceed(ReflectiveMethodInvocation.java:157)
	at org.springframework.aop.framework.adapter.MethodBeforeAdviceInterceptor.invoke(MethodBeforeAdviceInterceptor.java:52)
	at org.springframework.aop.framework.ReflectiveMethodInvocation.proceed(ReflectiveMethodInvocation.java:179)
	at org.springframework.aop.interceptor.ExposeInvocationInterceptor.invoke(ExposeInvocationInterceptor.java:92)
	at org.springframework.aop.framework.ReflectiveMethodInvocation.proceed(ReflectiveMethodInvocation.java:179)
	at org.springframework.aop.framework.CglibAopProxy$DynamicAdvisedInterceptor.intercept(CglibAopProxy.java:673)
	at com.three.controller.LogTestController$$EnhancerBySpringCGLIB$$3528f995.page(<generated>)
	at sun.reflect.GeneratedMethodAccessor91.invoke(Unknown Source)
	at sun.reflect.DelegatingMethodAccessorImpl.invoke(DelegatingMethodAccessorImpl.java)
	at java.lang.reflect.Method.invoke(Method.java:498)
	at org.springframework.web.method.support.InvocableHandlerMethod.doInvoke(InvocableHandlerMethod.java:205)
	at org.springframework.web.method.support.InvocableHandlerMethod.invokeForRequest(InvocableHandlerMethod.java:133)
	at org.springframework.web.servlet.mvc.method.annotation.ServletInvocableHandlerMethod.invokeAndHandle(ServletInvocableHandlerMethod.java:97)
	at org.springframework.web.servlet.mvc.method.annotation.RequestMappingHandlerAdapter.invokeHandlerMethod(RequestMappingHandlerAdapter.java:827)
	at org.springframework.web.servlet.mvc.method.annotation.RequestMappingHandlerAdapter.handleInternal(RequestMappingHandlerAdapter.java:738)
	at org.springframework.web.servlet.mvc.method.AbstractHandlerMethodAdapter.handle(AbstractHandlerMethodAdapter.java:85)
	at org.springframework.web.servlet.DispatcherServlet.doDispatch(DispatcherServlet.java:967)
	at org.springframework.web.servlet.DispatcherServlet.doService(DispatcherServlet.java:901)
	at org.springframework.web.servlet.FrameworkServlet.processRequest(FrameworkServlet.java:970)
	at org.springframework.web.servlet.FrameworkServlet.doGet(FrameworkServlet.java:861)
	at javax.servlet.http.HttpServlet.service(HttpServlet.java:635)
	at org.springframework.web.servlet.FrameworkServlet.service(FrameworkServlet.java:846)
	at javax.servlet.http.HttpServlet.service(HttpServlet.java:742)
	at org.apache.catalina.core.ApplicationFilterChain.internalDoFilter(ApplicationFilterChain.java:231)
	at org.apache.catalina.core.ApplicationFilterChain.doFilter(ApplicationFilterChain.java:166)
	at org.apache.tomcat.websocket.server.WsFilter.doFilter(WsFilter.java:52)
	at org.apache.catalina.core.ApplicationFilterChain.internalDoFilter(ApplicationFilterChain.java:193)
	at org.apache.catalina.core.ApplicationFilterChain.doFilter(ApplicationFilterChain.java:166)
	at com.alibaba.druid.support.http.WebStatFilter.doFilter(WebStatFilter.java:123)
	at org.apache.catalina.core.ApplicationFilterChain.internalDoFilter(ApplicationFilterChain.java:193)
	at org.apache.catalina.core.ApplicationFilterChain.doFilter(ApplicationFilterChain.java:166)
	at org.springframework.web.filter.RequestContextFilter.doFilterInternal(RequestContextFilter.java:99)
	at org.springframework.web.filter.OncePerRequestFilter.doFilter(OncePerRequestFilter.java:107)
	at org.apache.catalina.core.ApplicationFilterChain.internalDoFilter(ApplicationFilterChain.java:193)
	at org.apache.catalina.core.ApplicationFilterChain.doFilter(ApplicationFilterChain.java:166)
	at org.springframework.web.filter.HttpPutFormContentFilter.doFilterInternal(HttpPutFormContentFilter.java:105)
	at org.springframework.web.filter.OncePerRequestFilter.doFilter(OncePerRequestFilter.java:107)
	at org.apache.catalina.core.ApplicationFilterChain.internalDoFilter(ApplicationFilterChain.java:193)
	at org.apache.catalina.core.ApplicationFilterChain.doFilter(ApplicationFilterChain.java:166)
	at org.springframework.web.filter.HiddenHttpMethodFilter.doFilterInternal(HiddenHttpMethodFilter.java:81)
	at org.springframework.web.filter.OncePerRequestFilter.doFilter(OncePerRequestFilter.java:107)
	at org.apache.catalina.core.ApplicationFilterChain.internalDoFilter(ApplicationFilterChain.java:193)
	at org.apache.catalina.core.ApplicationFilterChain.doFilter(ApplicationFilterChain.java:166)
	at org.springframework.web.filter.CharacterEncodingFilter.doFilterInternal(CharacterEncodingFilter.java:197)
	at org.springframework.web.filter.OncePerRequestFilter.doFilter(OncePerRequestFilter.java:107)
	at org.apache.catalina.core.ApplicationFilterChain.internalDoFilter(ApplicationFilterChain.java:193)
	at org.apache.catalina.core.ApplicationFilterChain.doFilter(ApplicationFilterChain.java:166)
	at org.apache.catalina.core.StandardWrapperValve.invoke(StandardWrapperValve.java:198)
	at org.apache.catalina.core.StandardContextValve.__invoke(StandardContextValve.java:96)
	at org.apache.catalina.core.StandardContextValve.invoke(StandardContextValve.java)
	at org.apache.catalina.authenticator.AuthenticatorBase.invoke(AuthenticatorBase.java:478)
	at org.apache.catalina.core.StandardHostValve.invoke(StandardHostValve.java:140)
	at org.apache.catalina.valves.ErrorReportValve.invoke(ErrorReportValve.java:80)
	at org.apache.catalina.core.StandardEngineValve.invoke(StandardEngineValve.java:87)
	at org.apache.catalina.connector.CoyoteAdapter.service(CoyoteAdapter.java:342)
	at org.apache.coyote.http11.Http11Processor.service(Http11Processor.java:799)
	at org.apache.coyote.AbstractProcessorLight.process(AbstractProcessorLight.java:66)
	at org.apache.coyote.AbstractProtocol$ConnectionHandler.process(AbstractProtocol.java:861)
	at org.apache.tomcat.util.net.NioEndpoint$SocketProcessor.doRun(NioEndpoint.java:1455)
	at org.apache.tomcat.util.net.SocketProcessorBase.run(SocketProcessorBase.java:49)
	at java.util.concurrent.ThreadPoolExecutor.runWorker(ThreadPoolExecutor.java:1149)
	at java.util.concurrent.ThreadPoolExecutor$Worker.run(ThreadPoolExecutor.java:624)
	at org.apache.tomcat.util.threads.TaskThread$WrappingRunnable.run(TaskThread.java:61)
	at java.lang.Thread.run(Thread.java:748)
2017-09-03 12:08:39.462 [Thread-20] INFO  o.s.b.c.e.AnnotationConfigEmbeddedWebApplicationContext - Closing org.springframework.boot.context.embedded.AnnotationConfigEmbeddedWebApplicationContext@5a6482a9: startup date [Sun Sep 03 12:06:39 CST 2017]; root of context hierarchy
2017-09-03 12:08:39.475 [Thread-20] INFO  o.s.jmx.export.annotation.AnnotationMBeanExporter - Unregistering JMX-exposed beans on shutdown
2017-09-03 12:08:39.476 [Thread-20] INFO  o.s.jmx.export.annotation.AnnotationMBeanExporter - Unregistering JMX-exposed beans
2017-09-03 14:11:00.425 [background-preinit] INFO  org.hibernate.validator.internal.util.Version - HV000001: Hibernate Validator 5.3.5.Final
2017-09-03 14:11:05.323 [main] INFO  com.three.DblogApplication - Starting DblogApplication on sanyedeMacBook-Pro.local with PID 7791 (/Users/three/Downloads/SpringBootDemo-master/dblog/target/classes started by three in /Users/three/Downloads/SpringBootDemo-master/dblog)
2017-09-03 14:11:05.324 [main] INFO  com.three.DblogApplication - No active profile set, falling back to default profiles: default
2017-09-03 14:11:05.742 [main] INFO  o.s.b.c.e.AnnotationConfigEmbeddedWebApplicationContext - Refreshing org.springframework.boot.context.embedded.AnnotationConfigEmbeddedWebApplicationContext@3c904f1e: startup date [Sun Sep 03 14:11:05 CST 2017]; root of context hierarchy
2017-09-03 14:11:08.758 [main] INFO  o.s.b.c.e.tomcat.TomcatEmbeddedServletContainer - Tomcat initialized with port(s): 8060 (http)
2017-09-03 14:11:08.775 [main] INFO  org.apache.catalina.core.StandardService - Starting service [Tomcat]
2017-09-03 14:11:08.776 [main] INFO  org.apache.catalina.core.StandardEngine - Starting Servlet Engine: Apache Tomcat/8.5.15
2017-09-03 14:11:08.940 [localhost-startStop-1] INFO  o.a.c.core.ContainerBase.[Tomcat].[localhost].[/] - Initializing Spring embedded WebApplicationContext
2017-09-03 14:11:08.940 [localhost-startStop-1] INFO  org.springframework.web.context.ContextLoader - Root WebApplicationContext: initialization completed in 3198 ms
2017-09-03 14:11:09.300 [localhost-startStop-1] INFO  o.s.boot.web.servlet.ServletRegistrationBean - Mapping servlet: 'dispatcherServlet' to [/]
2017-09-03 14:11:09.302 [localhost-startStop-1] INFO  o.s.boot.web.servlet.ServletRegistrationBean - Mapping servlet: 'com.three.config.druid.DruidStatViewServlet' to [/druid/*]
2017-09-03 14:11:09.306 [localhost-startStop-1] INFO  o.s.boot.web.servlet.FilterRegistrationBean - Mapping filter: 'characterEncodingFilter' to: [/*]
2017-09-03 14:11:09.306 [localhost-startStop-1] INFO  o.s.boot.web.servlet.FilterRegistrationBean - Mapping filter: 'hiddenHttpMethodFilter' to: [/*]
2017-09-03 14:11:09.307 [localhost-startStop-1] INFO  o.s.boot.web.servlet.FilterRegistrationBean - Mapping filter: 'httpPutFormContentFilter' to: [/*]
2017-09-03 14:11:09.307 [localhost-startStop-1] INFO  o.s.boot.web.servlet.FilterRegistrationBean - Mapping filter: 'requestContextFilter' to: [/*]
2017-09-03 14:11:09.307 [localhost-startStop-1] INFO  o.s.boot.web.servlet.FilterRegistrationBean - Mapping filter: 'druidWebStatFilter' to urls: [/*]
2017-09-03 14:11:11.208 [main] INFO  o.s.w.s.m.m.a.RequestMappingHandlerAdapter - Looking for @ControllerAdvice: org.springframework.boot.context.embedded.AnnotationConfigEmbeddedWebApplicationContext@3c904f1e: startup date [Sun Sep 03 14:11:05 CST 2017]; root of context hierarchy
2017-09-03 14:11:11.336 [main] INFO  o.s.w.s.m.m.a.RequestMappingHandlerMapping - Mapped "{[/add]}" onto public java.lang.String com.three.controller.LogTestController.add(javax.servlet.http.HttpServletRequest)
2017-09-03 14:11:11.337 [main] INFO  o.s.w.s.m.m.a.RequestMappingHandlerMapping - Mapped "{[/save]}" onto public java.lang.String com.three.controller.LogTestController.save()
2017-09-03 14:11:11.337 [main] INFO  o.s.w.s.m.m.a.RequestMappingHandlerMapping - Mapped "{[/page]}" onto public java.lang.String com.three.controller.LogTestController.page()
2017-09-03 14:11:11.338 [main] INFO  o.s.w.s.m.m.a.RequestMappingHandlerMapping - Mapped "{[/mybatisDruidTest]}" onto public java.lang.String com.three.controller.LogTestController.mybatisDruidTest()
2017-09-03 14:11:11.341 [main] INFO  o.s.w.s.m.m.a.RequestMappingHandlerMapping - Mapped "{[/error]}" onto public org.springframework.http.ResponseEntity<java.util.Map<java.lang.String, java.lang.Object>> org.springframework.boot.autoconfigure.web.BasicErrorController.error(javax.servlet.http.HttpServletRequest)
2017-09-03 14:11:11.341 [main] INFO  o.s.w.s.m.m.a.RequestMappingHandlerMapping - Mapped "{[/error],produces=[text/html]}" onto public org.springframework.web.servlet.ModelAndView org.springframework.boot.autoconfigure.web.BasicErrorController.errorHtml(javax.servlet.http.HttpServletRequest,javax.servlet.http.HttpServletResponse)
2017-09-03 14:11:11.423 [main] INFO  o.s.web.servlet.handler.SimpleUrlHandlerMapping - Mapped URL path [/webjars/**] onto handler of type [class org.springframework.web.servlet.resource.ResourceHttpRequestHandler]
2017-09-03 14:11:11.424 [main] INFO  o.s.web.servlet.handler.SimpleUrlHandlerMapping - Mapped URL path [/**] onto handler of type [class org.springframework.web.servlet.resource.ResourceHttpRequestHandler]
2017-09-03 14:11:11.498 [main] INFO  o.s.web.servlet.handler.SimpleUrlHandlerMapping - Mapped URL path [/**/favicon.ico] onto handler of type [class org.springframework.web.servlet.resource.ResourceHttpRequestHandler]
2017-09-03 14:11:11.562 [main] WARN  o.s.b.a.t.AbstractTemplateResolverConfiguration - Cannot find template location: classpath:/templates/ (please add some templates or check your Thymeleaf configuration)
2017-09-03 14:11:12.547 [main] INFO  o.s.jmx.export.annotation.AnnotationMBeanExporter - Registering beans for JMX exposure on startup
2017-09-03 14:11:12.548 [main] INFO  o.s.jmx.export.annotation.AnnotationMBeanExporter - Bean with name 'dataSource' has been autodetected for JMX exposure
2017-09-03 14:11:12.554 [main] INFO  o.s.jmx.export.annotation.AnnotationMBeanExporter - Located MBean 'dataSource': registering with JMX server as MBean [com.alibaba.druid.pool:name=dataSource,type=DruidDataSource]
2017-09-03 14:11:12.602 [main] INFO  org.apache.coyote.http11.Http11NioProtocol - Initializing ProtocolHandler ["http-nio-8060"]
2017-09-03 14:11:12.615 [main] INFO  org.apache.coyote.http11.Http11NioProtocol - Starting ProtocolHandler ["http-nio-8060"]
2017-09-03 14:11:12.636 [main] INFO  org.apache.tomcat.util.net.NioSelectorPool - Using a shared selector for servlet write/read
2017-09-03 14:11:12.672 [main] INFO  o.s.b.c.e.tomcat.TomcatEmbeddedServletContainer - Tomcat started on port(s): 8060 (http)
2017-09-03 14:11:12.679 [main] INFO  com.three.DblogApplication - Started DblogApplication in 23.461 seconds (JVM running for 25.926)
2017-09-03 14:11:39.013 [http-nio-8060-exec-1] INFO  o.a.c.core.ContainerBase.[Tomcat].[localhost].[/] - Initializing Spring FrameworkServlet 'dispatcherServlet'
2017-09-03 14:11:39.013 [http-nio-8060-exec-1] INFO  org.springframework.web.servlet.DispatcherServlet - FrameworkServlet 'dispatcherServlet': initialization started
2017-09-03 14:11:39.038 [http-nio-8060-exec-1] INFO  org.springframework.web.servlet.DispatcherServlet - FrameworkServlet 'dispatcherServlet': initialization completed in 25 ms
2017-09-03 14:11:41.469 [http-nio-8060-exec-1] INFO  com.alibaba.druid.pool.DruidDataSource - {dataSource-1} inited
2017-09-03 14:11:41.561 [http-nio-8060-exec-1] INFO  com.three.config.mybatis.MybatisConfig - 执行sql耗时:2440 ms - id:com.three.dao.LogTestMapper.findAll - Sql:
2017-09-03 14:11:41.561 [http-nio-8060-exec-1] INFO  com.three.config.mybatis.MybatisConfig -    select * from t_friends
2017-09-03 14:12:30.430 [http-nio-8060-exec-2] INFO  com.three.config.mybatis.MybatisConfig - 执行sql耗时:72 ms - id:com.three.dao.LogTestMapper.findAll - Sql:
2017-09-03 14:12:30.431 [http-nio-8060-exec-2] INFO  com.three.config.mybatis.MybatisConfig -    select * from t_friends
2017-09-03 14:12:53.140 [http-nio-8060-exec-2] INFO  com.three.config.mybatis.MybatisConfig - 执行sql耗时:39 ms - id:com.three.dao.LogTestMapper.findAll - Sql:
2017-09-03 14:12:53.141 [http-nio-8060-exec-2] INFO  com.three.config.mybatis.MybatisConfig -    select * from t_friends
2017-09-03 14:14:27.405 [Thread-20] INFO  o.s.b.c.e.AnnotationConfigEmbeddedWebApplicationContext - Closing org.springframework.boot.context.embedded.AnnotationConfigEmbeddedWebApplicationContext@3c904f1e: startup date [Sun Sep 03 14:11:05 CST 2017]; root of context hierarchy
2017-09-03 14:14:27.419 [Thread-20] INFO  o.s.jmx.export.annotation.AnnotationMBeanExporter - Unregistering JMX-exposed beans on shutdown
2017-09-03 14:14:27.419 [Thread-20] INFO  o.s.jmx.export.annotation.AnnotationMBeanExporter - Unregistering JMX-exposed beans
2017-09-03 14:14:27.439 [Thread-20] INFO  com.alibaba.druid.pool.DruidDataSource - {dataSource-1} closed
2017-09-03 14:15:26.143 [background-preinit] INFO  org.hibernate.validator.internal.util.Version - HV000001: Hibernate Validator 5.3.5.Final
2017-09-03 14:15:31.037 [main] INFO  com.three.DblogApplication - Starting DblogApplication on sanyedeMacBook-Pro.local with PID 7846 (/Users/three/Downloads/SpringBootDemo-master/dblog/target/classes started by three in /Users/three/Downloads/SpringBootDemo-master/dblog)
2017-09-03 14:15:31.038 [main] INFO  com.three.DblogApplication - No active profile set, falling back to default profiles: default
2017-09-03 14:15:31.475 [main] INFO  o.s.b.c.e.AnnotationConfigEmbeddedWebApplicationContext - Refreshing org.springframework.boot.context.embedded.AnnotationConfigEmbeddedWebApplicationContext@39109136: startup date [Sun Sep 03 14:15:31 CST 2017]; root of context hierarchy
2017-09-03 14:15:34.472 [main] INFO  o.s.b.c.e.tomcat.TomcatEmbeddedServletContainer - Tomcat initialized with port(s): 8060 (http)
2017-09-03 14:15:34.488 [main] INFO  org.apache.catalina.core.StandardService - Starting service [Tomcat]
2017-09-03 14:15:34.489 [main] INFO  org.apache.catalina.core.StandardEngine - Starting Servlet Engine: Apache Tomcat/8.5.15
2017-09-03 14:15:34.651 [localhost-startStop-1] INFO  o.a.c.core.ContainerBase.[Tomcat].[localhost].[/] - Initializing Spring embedded WebApplicationContext
2017-09-03 14:15:34.651 [localhost-startStop-1] INFO  org.springframework.web.context.ContextLoader - Root WebApplicationContext: initialization completed in 3176 ms
2017-09-03 14:15:35.018 [localhost-startStop-1] INFO  o.s.boot.web.servlet.ServletRegistrationBean - Mapping servlet: 'dispatcherServlet' to [/]
2017-09-03 14:15:35.021 [localhost-startStop-1] INFO  o.s.boot.web.servlet.ServletRegistrationBean - Mapping servlet: 'com.three.config.druid.DruidStatViewServlet' to [/druid/*]
2017-09-03 14:15:35.025 [localhost-startStop-1] INFO  o.s.boot.web.servlet.FilterRegistrationBean - Mapping filter: 'characterEncodingFilter' to: [/*]
2017-09-03 14:15:35.025 [localhost-startStop-1] INFO  o.s.boot.web.servlet.FilterRegistrationBean - Mapping filter: 'hiddenHttpMethodFilter' to: [/*]
2017-09-03 14:15:35.026 [localhost-startStop-1] INFO  o.s.boot.web.servlet.FilterRegistrationBean - Mapping filter: 'httpPutFormContentFilter' to: [/*]
2017-09-03 14:15:35.026 [localhost-startStop-1] INFO  o.s.boot.web.servlet.FilterRegistrationBean - Mapping filter: 'requestContextFilter' to: [/*]
2017-09-03 14:15:35.026 [localhost-startStop-1] INFO  o.s.boot.web.servlet.FilterRegistrationBean - Mapping filter: 'druidWebStatFilter' to urls: [/*]
2017-09-03 14:15:36.934 [main] INFO  o.s.w.s.m.m.a.RequestMappingHandlerAdapter - Looking for @ControllerAdvice: org.springframework.boot.context.embedded.AnnotationConfigEmbeddedWebApplicationContext@39109136: startup date [Sun Sep 03 14:15:31 CST 2017]; root of context hierarchy
2017-09-03 14:15:37.063 [main] INFO  o.s.w.s.m.m.a.RequestMappingHandlerMapping - Mapped "{[/add]}" onto public java.lang.String com.three.controller.LogTestController.add(javax.servlet.http.HttpServletRequest)
2017-09-03 14:15:37.065 [main] INFO  o.s.w.s.m.m.a.RequestMappingHandlerMapping - Mapped "{[/save]}" onto public java.lang.String com.three.controller.LogTestController.save()
2017-09-03 14:15:37.065 [main] INFO  o.s.w.s.m.m.a.RequestMappingHandlerMapping - Mapped "{[/page]}" onto public java.lang.String com.three.controller.LogTestController.page()
2017-09-03 14:15:37.065 [main] INFO  o.s.w.s.m.m.a.RequestMappingHandlerMapping - Mapped "{[/mybatisDruidTest]}" onto public java.lang.String com.three.controller.LogTestController.mybatisDruidTest()
2017-09-03 14:15:37.068 [main] INFO  o.s.w.s.m.m.a.RequestMappingHandlerMapping - Mapped "{[/error]}" onto public org.springframework.http.ResponseEntity<java.util.Map<java.lang.String, java.lang.Object>> org.springframework.boot.autoconfigure.web.BasicErrorController.error(javax.servlet.http.HttpServletRequest)
2017-09-03 14:15:37.069 [main] INFO  o.s.w.s.m.m.a.RequestMappingHandlerMapping - Mapped "{[/error],produces=[text/html]}" onto public org.springframework.web.servlet.ModelAndView org.springframework.boot.autoconfigure.web.BasicErrorController.errorHtml(javax.servlet.http.HttpServletRequest,javax.servlet.http.HttpServletResponse)
2017-09-03 14:15:37.139 [main] INFO  o.s.web.servlet.handler.SimpleUrlHandlerMapping - Mapped URL path [/webjars/**] onto handler of type [class org.springframework.web.servlet.resource.ResourceHttpRequestHandler]
2017-09-03 14:15:37.140 [main] INFO  o.s.web.servlet.handler.SimpleUrlHandlerMapping - Mapped URL path [/**] onto handler of type [class org.springframework.web.servlet.resource.ResourceHttpRequestHandler]
2017-09-03 14:15:37.237 [main] INFO  o.s.web.servlet.handler.SimpleUrlHandlerMapping - Mapped URL path [/**/favicon.ico] onto handler of type [class org.springframework.web.servlet.resource.ResourceHttpRequestHandler]
2017-09-03 14:15:37.299 [main] WARN  o.s.b.a.t.AbstractTemplateResolverConfiguration - Cannot find template location: classpath:/templates/ (please add some templates or check your Thymeleaf configuration)
2017-09-03 14:15:38.331 [main] INFO  o.s.jmx.export.annotation.AnnotationMBeanExporter - Registering beans for JMX exposure on startup
2017-09-03 14:15:38.334 [main] INFO  o.s.jmx.export.annotation.AnnotationMBeanExporter - Bean with name 'dataSource' has been autodetected for JMX exposure
2017-09-03 14:15:38.345 [main] INFO  o.s.jmx.export.annotation.AnnotationMBeanExporter - Located MBean 'dataSource': registering with JMX server as MBean [com.alibaba.druid.pool:name=dataSource,type=DruidDataSource]
2017-09-03 14:15:38.412 [main] INFO  org.apache.coyote.http11.Http11NioProtocol - Initializing ProtocolHandler ["http-nio-8060"]
2017-09-03 14:15:38.438 [main] INFO  org.apache.coyote.http11.Http11NioProtocol - Starting ProtocolHandler ["http-nio-8060"]
2017-09-03 14:15:38.458 [main] INFO  org.apache.tomcat.util.net.NioSelectorPool - Using a shared selector for servlet write/read
2017-09-03 14:15:38.494 [main] INFO  o.s.b.c.e.tomcat.TomcatEmbeddedServletContainer - Tomcat started on port(s): 8060 (http)
2017-09-03 14:15:38.502 [main] INFO  com.three.DblogApplication - Started DblogApplication in 23.57 seconds (JVM running for 26.051)
2017-09-03 14:15:44.515 [http-nio-8060-exec-1] INFO  o.a.c.core.ContainerBase.[Tomcat].[localhost].[/] - Initializing Spring FrameworkServlet 'dispatcherServlet'
2017-09-03 14:15:44.515 [http-nio-8060-exec-1] INFO  org.springframework.web.servlet.DispatcherServlet - FrameworkServlet 'dispatcherServlet': initialization started
2017-09-03 14:15:44.541 [http-nio-8060-exec-1] INFO  org.springframework.web.servlet.DispatcherServlet - FrameworkServlet 'dispatcherServlet': initialization completed in 26 ms
2017-09-03 14:15:47.903 [http-nio-8060-exec-1] INFO  com.alibaba.druid.pool.DruidDataSource - {dataSource-1} inited
2017-09-03 14:15:48.219 [http-nio-8060-exec-1] INFO  com.three.config.mybatis.MybatisConfig - 执行sql耗时:2850 ms - id:com.three.dao.LogTestMapper.findAll - Sql:
2017-09-03 14:15:48.220 [http-nio-8060-exec-1] INFO  com.three.config.mybatis.MybatisConfig -    select * from t_friends
2017-09-03 14:15:48.327 [http-nio-8060-exec-1] INFO  com.three.config.mybatis.MybatisConfig - 执行sql耗时:104 ms - id:com.three.dao.LogTestMapper.findAll - Sql:
2017-09-03 14:15:48.327 [http-nio-8060-exec-1] INFO  com.three.config.mybatis.MybatisConfig -    select * from t_friends
2017-09-03 14:16:08.688 [http-nio-8060-exec-2] INFO  com.three.config.mybatis.MybatisConfig - 执行sql耗时:106 ms - id:com.three.dao.LogTestMapper.findAll - Sql:
2017-09-03 14:16:08.690 [http-nio-8060-exec-2] INFO  com.three.config.mybatis.MybatisConfig -    select * from t_friends
2017-09-03 14:16:13.241 [http-nio-8060-exec-2] INFO  com.three.config.mybatis.MybatisConfig - 执行sql耗时:34 ms - id:com.three.dao.LogTestMapper.findAll - Sql:
2017-09-03 14:16:13.242 [http-nio-8060-exec-2] INFO  com.three.config.mybatis.MybatisConfig -    select * from t_friends
2017-09-03 21:21:11.617 [Thread-20] INFO  o.s.b.c.e.AnnotationConfigEmbeddedWebApplicationContext - Closing org.springframework.boot.context.embedded.AnnotationConfigEmbeddedWebApplicationContext@39109136: startup date [Sun Sep 03 14:15:31 CST 2017]; root of context hierarchy
2017-09-03 21:21:11.654 [Thread-20] INFO  o.s.jmx.export.annotation.AnnotationMBeanExporter - Unregistering JMX-exposed beans on shutdown
2017-09-03 21:21:11.655 [Thread-20] INFO  o.s.jmx.export.annotation.AnnotationMBeanExporter - Unregistering JMX-exposed beans
2017-09-03 21:21:11.663 [Thread-20] INFO  com.alibaba.druid.pool.DruidDataSource - {dataSource-1} closed
